<?xml version="1.0" encoding="UTF-8"?>
<testng-results skipped="0" failed="0" ignored="0" total="1" passed="1">
  <reporter-output>
  </reporter-output>
  <suite name="Default suite" duration-ms="13897" started-at="2018-07-08T19:41:53Z" finished-at="2018-07-08T19:42:07Z">
    <groups>
    </groups>
    <test name="Default test" duration-ms="13897" started-at="2018-07-08T19:41:53Z" finished-at="2018-07-08T19:42:07Z">
      <class name="pageObjectModel.HomePage">
        <test-method status="PASS" signature="setup()[pri:0, instance:pageObjectModel.HomePage@685cb137]" name="setup" is-config="true" duration-ms="4314" started-at="2018-07-08T19:41:53Z" finished-at="2018-07-08T19:41:57Z">
          <reporter-output>
          </reporter-output>
        </test-method> <!-- setup -->
        <test-method status="PASS" signature="test1()[pri:0, instance:pageObjectModel.HomePage@685cb137]" name="test1" duration-ms="9548" started-at="2018-07-08T19:41:57Z" finished-at="2018-07-08T19:42:07Z">
          <reporter-output>
          </reporter-output>
        </test-method> <!-- test1 -->
      </class> <!-- pageObjectModel.HomePage -->
    </test> <!-- Default test -->
  </suite> <!-- Default suite -->
</testng-results>
