<?xml version="1.0" encoding="UTF-8"?>
<testng-results skipped="0" failed="0" ignored="0" total="1" passed="1">
  <reporter-output>
  </reporter-output>
  <suite name="Default suite" duration-ms="29869" started-at="2018-07-14T17:26:46Z" finished-at="2018-07-14T17:27:16Z">
    <groups>
    </groups>
    <test name="Default test" duration-ms="29869" started-at="2018-07-14T17:26:46Z" finished-at="2018-07-14T17:27:16Z">
      <class name="pages.PhpTravelLoginPage">
        <test-method status="PASS" signature="beforeClass()[pri:0, instance:pages.PhpTravelLoginPage@685cb137]" name="beforeClass" is-config="true" duration-ms="4900" started-at="2018-07-14T17:26:46Z" finished-at="2018-07-14T17:26:51Z">
          <reporter-output>
          </reporter-output>
        </test-method> <!-- beforeClass -->
        <test-method status="PASS" signature="mainPageLogin()[pri:0, instance:pages.PhpTravelLoginPage@685cb137]" name="mainPageLogin" duration-ms="24895" started-at="2018-07-14T17:26:51Z" finished-at="2018-07-14T17:27:16Z">
          <reporter-output>
          </reporter-output>
        </test-method> <!-- mainPageLogin -->
      </class> <!-- pages.PhpTravelLoginPage -->
    </test> <!-- Default test -->
  </suite> <!-- Default suite -->
</testng-results>
